Flow report for DE1_system
Mon May 28 00:44:53 2012
Quartus II 32-bit Version 11.1 Build 173 11/01/2011 SJ Web Edition


---------------------
; Table of Contents ;
---------------------
  1. Legal Notice
  2. Flow Summary
  3. Flow Settings
  4. Flow Non-Default Global Settings
  5. Flow Elapsed Time
  6. Flow OS Summary
  7. Flow Log



----------------
; Legal Notice ;
----------------
Copyright (C) 1991-2011 Altera Corporation
Your use of Altera Corporation's design tools, logic functions 
and other software and tools, and its AMPP partner logic 
functions, and any output files from any of the foregoing 
(including device programming or simulation files), and any 
associated documentation or information are expressly subject 
to the terms and conditions of the Altera Program License 
Subscription Agreement, Altera MegaCore Function License 
Agreement, or other applicable license agreement, including, 
without limitation, that your use is for the sole purpose of 
programming logic devices manufactured by Altera and sold by 
Altera or its authorized distributors.  Please refer to the 
applicable agreement for further details.



+-------------------------------------------------------------------------------+
; Flow Summary                                                                  ;
+------------------------------------+------------------------------------------+
; Flow Status                        ; Successful - Mon May 28 00:44:53 2012    ;
; Quartus II 32-bit Version          ; 11.1 Build 173 11/01/2011 SJ Web Edition ;
; Revision Name                      ; DE1_system                               ;
; Top-level Entity Name              ; DE1_system                               ;
; Family                             ; Cyclone II                               ;
; Device                             ; EP2C20F484C6                             ;
; Timing Models                      ; Final                                    ;
; Total logic elements               ; 432 / 18,752 ( 2 % )                     ;
;     Total combinational functions  ; 396 / 18,752 ( 2 % )                     ;
;     Dedicated logic registers      ; 259 / 18,752 ( 1 % )                     ;
; Total registers                    ; 259                                      ;
; Total pins                         ; 103 / 315 ( 33 % )                       ;
; Total virtual pins                 ; 0                                        ;
; Total memory bits                  ; 32,768 / 239,616 ( 14 % )                ;
; Embedded Multiplier 9-bit elements ; 0 / 52 ( 0 % )                           ;
; Total PLLs                         ; 0 / 4 ( 0 % )                            ;
+------------------------------------+------------------------------------------+


+-----------------------------------------+
; Flow Settings                           ;
+-------------------+---------------------+
; Option            ; Setting             ;
+-------------------+---------------------+
; Start date & time ; 05/28/2012 00:43:25 ;
; Main task         ; Compilation         ;
; Revision Name     ; DE1_system          ;
+-------------------+---------------------+


+----------------------------------------------------------------------------------------------------------------------------+
; Flow Non-Default Global Settings                                                                                           ;
+-------------------------------------+---------------------------------------+---------------+-------------+----------------+
; Assignment Name                     ; Value                                 ; Default Value ; Entity Name ; Section Id     ;
+-------------------------------------+---------------------------------------+---------------+-------------+----------------+
; COMPILER_SIGNATURE_ID               ; 345055143456.133819100401648          ; --            ; --          ; --             ;
; EDA_OUTPUT_DATA_FORMAT              ; Vhdl                                  ; --            ; --          ; eda_simulation ;
; EDA_SIMULATION_TOOL                 ; ModelSim-Altera (VHDL)                ; <None>        ; --          ; --             ;
; MAX_CORE_JUNCTION_TEMP              ; 85                                    ; --            ; --          ; --             ;
; MIN_CORE_JUNCTION_TEMP              ; 0                                     ; --            ; --          ; --             ;
; PARTITION_COLOR                     ; 16764057                              ; --            ; --          ; Top            ;
; PARTITION_FITTER_PRESERVATION_LEVEL ; PLACEMENT_AND_ROUTING                 ; --            ; --          ; Top            ;
; PARTITION_NETLIST_TYPE              ; SOURCE                                ; --            ; --          ; Top            ;
; POWER_BOARD_THERMAL_MODEL           ; None (CONSERVATIVE)                   ; --            ; --          ; --             ;
; POWER_PRESET_COOLING_SOLUTION       ; 23 MM HEAT SINK WITH 200 LFPM AIRFLOW ; --            ; --          ; --             ;
+-------------------------------------+---------------------------------------+---------------+-------------+----------------+


+-------------------------------------------------------------------------------------------------------------------------------+
; Flow Elapsed Time                                                                                                             ;
+---------------------------+--------------+-------------------------+---------------------+------------------------------------+
; Module Name               ; Elapsed Time ; Average Processors Used ; Peak Virtual Memory ; Total CPU Time (on all processors) ;
+---------------------------+--------------+-------------------------+---------------------+------------------------------------+
; Analysis & Synthesis      ; 00:00:40     ; 1.0                     ; 312 MB              ; 00:00:39                           ;
; Fitter                    ; 00:00:25     ; 1.0                     ; 353 MB              ; 00:00:24                           ;
; TimeQuest Timing Analyzer ; 00:00:17     ; 1.0                     ; 275 MB              ; 00:00:15                           ;
; Assembler                 ; 00:00:07     ; 1.0                     ; 295 MB              ; 00:00:06                           ;
; EDA Netlist Writer        ; 00:00:01     ; 1.0                     ; 248 MB              ; 00:00:01                           ;
; Total                     ; 00:01:30     ; --                      ; --                  ; 00:01:25                           ;
+---------------------------+--------------+-------------------------+---------------------+------------------------------------+


+----------------------------------------------------------------------------------------+
; Flow OS Summary                                                                        ;
+---------------------------+------------------+-----------+------------+----------------+
; Module Name               ; Machine Hostname ; OS Name   ; OS Version ; Processor type ;
+---------------------------+------------------+-----------+------------+----------------+
; Analysis & Synthesis      ; Finder-WinDevVM  ; Windows 7 ; 6.1        ; x86_64         ;
; Fitter                    ; Finder-WinDevVM  ; Windows 7 ; 6.1        ; x86_64         ;
; TimeQuest Timing Analyzer ; Finder-WinDevVM  ; Windows 7 ; 6.1        ; x86_64         ;
; Assembler                 ; Finder-WinDevVM  ; Windows 7 ; 6.1        ; x86_64         ;
; EDA Netlist Writer        ; Finder-WinDevVM  ; Windows 7 ; 6.1        ; x86_64         ;
+---------------------------+------------------+-----------+------------+----------------+


------------
; Flow Log ;
------------
quartus_map --read_settings_files=on --write_settings_files=off LEDmonster -c DE1_system
quartus_fit --read_settings_files=off --write_settings_files=off LEDmonster -c DE1_system
quartus_sta LEDmonster -c DE1_system
quartus_asm --read_settings_files=off --write_settings_files=off LEDmonster -c DE1_system
quartus_eda --read_settings_files=off --write_settings_files=off LEDmonster -c DE1_system



